<?xml version="1.0" encoding="UTF-8"?>
<!-- Generated by org.testng.reporters.JUnitReportReporter -->
<testsuite hostname="DESKTOP-EUJ2FDN" failures="0" tests="1" name="Demo.FlipkartTest" time="53.723" errors="0" timestamp="2023-07-20T13:30:32 IST" skipped="0">
  <testcase classname="Demo.FlipkartTest" name="f" time="53.723"/>
  <system-out/>
</testsuite> <!-- Demo.FlipkartTest -->
